{"/Users/nathananderson/Sites/repos/event-emitter/src/emittable-events.ts": {"path":"/Users/nathananderson/Sites/repos/event-emitter/src/emittable-events.ts","statementMap":{"0":{"start":{"line":18,"column":0},"end":{"line":107,"column":0}},"1":{"start":{"line":20,"column":10},"end":{"line":20,"column":59}},"2":{"start":{"line":31,"column":12},"end":{"line":39,"column":3}},"3":{"start":{"line":32,"column":4},"end":{"line":38,"column":5}},"4":{"start":{"line":33,"column":6},"end":{"line":37,"column":7}},"5":{"start":{"line":34,"column":20},"end":{"line":35,"column":50}},"6":{"start":{"line":36,"column":8},"end":{"line":36,"column":55}},"7":{"start":{"line":50,"column":2},"end":{"line":74,"column":3}},"8":{"start":{"line":52,"column":4},"end":{"line":52,"column":28}},"9":{"start":{"line":53,"column":4},"end":{"line":53,"column":60}},"10":{"start":{"line":53,"column":32},"end":{"line":53,"column":60}},"11":{"start":{"line":54,"column":4},"end":{"line":55,"column":72}},"12":{"start":{"line":56,"column":40},"end":{"line":59,"column":5}},"13":{"start":{"line":60,"column":4},"end":{"line":73,"column":5}},"14":{"start":{"line":62,"column":22},"end":{"line":62,"column":27}},"15":{"start":{"line":63,"column":6},"end":{"line":69,"column":7}},"16":{"start":{"line":64,"column":8},"end":{"line":68,"column":9}},"17":{"start":{"line":65,"column":10},"end":{"line":65,"column":52}},"18":{"start":{"line":66,"column":10},"end":{"line":66,"column":27}},"19":{"start":{"line":67,"column":10},"end":{"line":67,"column":16}},"20":{"start":{"line":70,"column":6},"end":{"line":70,"column":64}},"21":{"start":{"line":70,"column":21},"end":{"line":70,"column":64}},"22":{"start":{"line":72,"column":6},"end":{"line":72,"column":49}},"23":{"start":{"line":85,"column":2},"end":{"line":96,"column":3}},"24":{"start":{"line":86,"column":4},"end":{"line":86,"column":53}},"25":{"start":{"line":86,"column":46},"end":{"line":86,"column":53}},"26":{"start":{"line":87,"column":15},"end":{"line":87,"column":57}},"27":{"start":{"line":88,"column":4},"end":{"line":88,"column":21}},"28":{"start":{"line":88,"column":14},"end":{"line":88,"column":21}},"29":{"start":{"line":89,"column":4},"end":{"line":95,"column":5}},"30":{"start":{"line":90,"column":6},"end":{"line":94,"column":7}},"31":{"start":{"line":91,"column":8},"end":{"line":93,"column":9}},"32":{"start":{"line":92,"column":10},"end":{"line":92,"column":46}},"33":{"start":{"line":92,"column":47},"end":{"line":92,"column":53}},"34":{"start":{"line":104,"column":2},"end":{"line":106,"column":3}},"35":{"start":{"line":105,"column":4},"end":{"line":105,"column":21}},"36":{"start":{"line":107,"column":0},"end":{"line":107,"column":1}},"37":{"start":{"line":18,"column":22},"end":{"line":18,"column":37}}},"fnMap":{"0":{"name":"(anonymous_0)","decl":{"start":{"line":18,"column":0},"end":{"line":null,"column":-1}},"loc":{"start":{"line":18,"column":0},"end":{"line":18,"column":-1}}},"1":{"name":"(anonymous_2)","decl":{"start":{"line":31,"column":2},"end":{"line":31,"column":16}},"loc":{"start":{"line":31,"column":46},"end":{"line":39,"column":3}}},"2":{"name":"(anonymous_3)","decl":{"start":{"line":50,"column":2},"end":{"line":50,"column":4}},"loc":{"start":{"line":51,"column":37},"end":{"line":74,"column":3}}},"3":{"name":"(anonymous_4)","decl":{"start":{"line":85,"column":2},"end":{"line":85,"column":5}},"loc":{"start":{"line":85,"column":59},"end":{"line":96,"column":3}}},"4":{"name":"(anonymous_5)","decl":{"start":{"line":104,"column":2},"end":{"line":null,"column":-1}},"loc":{"start":{"line":104,"column":2},"end":{"line":106,"column":3}}}},"branchMap":{"0":{"loc":{"start":{"line":32,"column":4},"end":{"line":38,"column":5}},"type":"if","locations":[{"start":{"line":32,"column":4},"end":{"line":38,"column":5}},{"start":{"line":32,"column":4},"end":{"line":38,"column":5}}]},"1":{"loc":{"start":{"line":35,"column":12},"end":{"line":35,"column":43}},"type":"cond-expr","locations":[{"start":{"line":35,"column":12},"end":{"line":35,"column":43}},{"start":{"line":35,"column":46},"end":{"line":35,"column":50}}]},"2":{"loc":{"start":{"line":52,"column":14},"end":{"line":52,"column":21}},"type":"binary-expr","locations":[{"start":{"line":52,"column":14},"end":{"line":52,"column":21}},{"start":{"line":52,"column":25},"end":{"line":52,"column":27}}]},"3":{"loc":{"start":{"line":53,"column":4},"end":{"line":53,"column":60}},"type":"if","locations":[{"start":{"line":53,"column":4},"end":{"line":53,"column":60}},{"start":{"line":53,"column":4},"end":{"line":53,"column":60}}]},"4":{"loc":{"start":{"line":54,"column":38},"end":{"line":54,"column":54}},"type":"cond-expr","locations":[{"start":{"line":54,"column":38},"end":{"line":54,"column":54}},{"start":{"line":55,"column":6},"end":{"line":55,"column":71}}]},"5":{"loc":{"start":{"line":60,"column":4},"end":{"line":73,"column":5}},"type":"if","locations":[{"start":{"line":60,"column":4},"end":{"line":73,"column":5}},{"start":{"line":60,"column":4},"end":{"line":73,"column":5}}]},"6":{"loc":{"start":{"line":64,"column":8},"end":{"line":68,"column":9}},"type":"if","locations":[{"start":{"line":64,"column":8},"end":{"line":68,"column":9}},{"start":{"line":64,"column":8},"end":{"line":68,"column":9}}]},"7":{"loc":{"start":{"line":70,"column":6},"end":{"line":70,"column":64}},"type":"if","locations":[{"start":{"line":70,"column":6},"end":{"line":70,"column":64}},{"start":{"line":70,"column":6},"end":{"line":70,"column":64}}]},"8":{"loc":{"start":{"line":86,"column":4},"end":{"line":86,"column":53}},"type":"if","locations":[{"start":{"line":86,"column":4},"end":{"line":86,"column":53}},{"start":{"line":86,"column":4},"end":{"line":86,"column":53}}]},"9":{"loc":{"start":{"line":86,"column":7},"end":{"line":86,"column":29}},"type":"binary-expr","locations":[{"start":{"line":86,"column":7},"end":{"line":86,"column":29}},{"start":{"line":86,"column":33},"end":{"line":86,"column":44}}]},"10":{"loc":{"start":{"line":87,"column":42},"end":{"line":87,"column":44}},"type":"cond-expr","locations":[{"start":{"line":87,"column":42},"end":{"line":87,"column":44}},{"start":{"line":87,"column":47},"end":{"line":87,"column":57}}]},"11":{"loc":{"start":{"line":88,"column":4},"end":{"line":88,"column":21}},"type":"if","locations":[{"start":{"line":88,"column":4},"end":{"line":88,"column":21}},{"start":{"line":88,"column":4},"end":{"line":88,"column":21}}]},"12":{"loc":{"start":{"line":89,"column":4},"end":{"line":95,"column":5}},"type":"if","locations":[{"start":{"line":89,"column":4},"end":{"line":95,"column":5}},{"start":{"line":89,"column":4},"end":{"line":95,"column":5}}]},"13":{"loc":{"start":{"line":91,"column":8},"end":{"line":93,"column":9}},"type":"if","locations":[{"start":{"line":91,"column":8},"end":{"line":93,"column":9}},{"start":{"line":91,"column":8},"end":{"line":93,"column":9}}]}},"s":{"0":1,"1":8,"2":1,"3":13,"4":10,"5":8,"6":8,"7":1,"8":9,"9":9,"10":8,"11":9,"12":9,"13":9,"14":4,"15":4,"16":1,"17":1,"18":1,"19":1,"20":4,"21":3,"22":5,"23":1,"24":3,"25":1,"26":2,"27":2,"28":0,"29":2,"30":2,"31":2,"32":2,"33":2,"34":1,"35":1,"36":1,"37":1},"f":{"0":9,"1":13,"2":9,"3":3,"4":1},"b":{"0":[10,3],"1":[1,7],"2":[9,4],"3":[8,1],"4":[4,5],"5":[4,5],"6":[1,0],"7":[3,1],"8":[1,2],"9":[3,2],"10":[1,1],"11":[0,2],"12":[2,0],"13":[2,0]}}
,"/Users/nathananderson/Sites/repos/event-emitter/src/event-emitter.ts": {"path":"/Users/nathananderson/Sites/repos/event-emitter/src/event-emitter.ts","statementMap":{"0":{"start":{"line":7,"column":0},"end":{"line":87,"column":0}},"1":{"start":{"line":18,"column":4},"end":{"line":18,"column":21}},"2":{"start":{"line":19,"column":4},"end":{"line":19,"column":40}},"3":{"start":{"line":30,"column":10},"end":{"line":33,"column":3}},"4":{"start":{"line":31,"column":4},"end":{"line":32,"column":20}},"5":{"start":{"line":43,"column":2},"end":{"line":50,"column":3}},"6":{"start":{"line":44,"column":19},"end":{"line":44,"column":41}},"7":{"start":{"line":45,"column":4},"end":{"line":49,"column":5}},"8":{"start":{"line":46,"column":6},"end":{"line":48,"column":7}},"9":{"start":{"line":47,"column":8},"end":{"line":47,"column":41}},"10":{"start":{"line":60,"column":2},"end":{"line":66,"column":3}},"11":{"start":{"line":61,"column":4},"end":{"line":63,"column":5}},"12":{"start":{"line":62,"column":6},"end":{"line":62,"column":34}},"13":{"start":{"line":64,"column":4},"end":{"line":64,"column":42}},"14":{"start":{"line":65,"column":4},"end":{"line":65,"column":36}},"15":{"start":{"line":76,"column":2},"end":{"line":86,"column":3}},"16":{"start":{"line":77,"column":4},"end":{"line":77,"column":38}},"17":{"start":{"line":77,"column":29},"end":{"line":77,"column":36}},"18":{"start":{"line":78,"column":4},"end":{"line":85,"column":5}},"19":{"start":{"line":79,"column":6},"end":{"line":84,"column":7}},"20":{"start":{"line":80,"column":8},"end":{"line":83,"column":9}},"21":{"start":{"line":81,"column":10},"end":{"line":81,"column":46}},"22":{"start":{"line":82,"column":10},"end":{"line":82,"column":16}},"23":{"start":{"line":87,"column":0},"end":{"line":87,"column":1}},"24":{"start":{"line":7,"column":13},"end":{"line":7,"column":25}},"25":{"start":{"line":98,"column":0},"end":{"line":104,"column":0}},"26":{"start":{"line":99,"column":12},"end":{"line":99,"column":39}},"27":{"start":{"line":102,"column":4},"end":{"line":102,"column":40}},"28":{"start":{"line":104,"column":0},"end":{"line":104,"column":1}},"29":{"start":{"line":98,"column":22},"end":{"line":98,"column":42}}},"fnMap":{"0":{"name":"(anonymous_0)","decl":{"start":{"line":7,"column":0},"end":{"line":null,"column":-1}},"loc":{"start":{"line":7,"column":0},"end":{"line":7,"column":-1}}},"1":{"name":"EventEmitter","decl":{"start":{"line":17,"column":2},"end":{"line":17,"column":13}},"loc":{"start":{"line":17,"column":25},"end":{"line":20,"column":3}}},"2":{"name":"(anonymous_2)","decl":{"start":{"line":30,"column":2},"end":{"line":null,"column":-1}},"loc":{"start":{"line":30,"column":2},"end":{"line":33,"column":3}}},"3":{"name":"(anonymous_3)","decl":{"start":{"line":43,"column":2},"end":{"line":43,"column":6}},"loc":{"start":{"line":43,"column":36},"end":{"line":50,"column":3}}},"4":{"name":"(anonymous_4)","decl":{"start":{"line":60,"column":2},"end":{"line":60,"column":11}},"loc":{"start":{"line":60,"column":43},"end":{"line":66,"column":3}}},"5":{"name":"(anonymous_5)","decl":{"start":{"line":76,"column":2},"end":{"line":76,"column":13}},"loc":{"start":{"line":76,"column":45},"end":{"line":86,"column":3}}},"6":{"name":"(anonymous_6)","decl":{"start":{"line":98,"column":0},"end":{"line":null,"column":-1}},"loc":{"start":{"line":98,"column":0},"end":{"line":98,"column":-1}}},"7":{"name":"EventEmitterAbstract","decl":{"start":{"line":101,"column":2},"end":{"line":null,"column":-1}},"loc":{"start":{"line":101,"column":2},"end":{"line":103,"column":3}}}},"branchMap":{"0":{"loc":{"start":{"line":19,"column":27},"end":{"line":19,"column":32}},"type":"cond-expr","locations":[{"start":{"line":19,"column":27},"end":{"line":19,"column":32}},{"start":{"line":19,"column":35},"end":{"line":19,"column":39}}]},"1":{"loc":{"start":{"line":45,"column":4},"end":{"line":49,"column":5}},"type":"if","locations":[{"start":{"line":45,"column":4},"end":{"line":49,"column":5}},{"start":{"line":45,"column":4},"end":{"line":49,"column":5}}]},"2":{"loc":{"start":{"line":61,"column":4},"end":{"line":63,"column":5}},"type":"if","locations":[{"start":{"line":61,"column":4},"end":{"line":63,"column":5}},{"start":{"line":61,"column":4},"end":{"line":63,"column":5}}]},"3":{"loc":{"start":{"line":77,"column":4},"end":{"line":77,"column":38}},"type":"if","locations":[{"start":{"line":77,"column":4},"end":{"line":77,"column":38}},{"start":{"line":77,"column":4},"end":{"line":77,"column":38}}]},"4":{"loc":{"start":{"line":78,"column":4},"end":{"line":85,"column":5}},"type":"if","locations":[{"start":{"line":78,"column":4},"end":{"line":85,"column":5}},{"start":{"line":78,"column":4},"end":{"line":85,"column":5}}]},"5":{"loc":{"start":{"line":80,"column":8},"end":{"line":83,"column":9}},"type":"if","locations":[{"start":{"line":80,"column":8},"end":{"line":83,"column":9}},{"start":{"line":80,"column":8},"end":{"line":83,"column":9}}]}},"s":{"0":1,"1":3,"2":3,"3":1,"4":3,"5":1,"6":2,"7":2,"8":2,"9":2,"10":1,"11":3,"12":3,"13":3,"14":3,"15":1,"16":1,"17":0,"18":1,"19":1,"20":1,"21":1,"22":1,"23":1,"24":1,"25":1,"26":1,"27":1,"28":1,"29":1},"f":{"0":1,"1":3,"2":3,"3":2,"4":3,"5":1,"6":1,"7":1},"b":{"0":[1,2],"1":[2,0],"2":[3,0],"3":[0,1],"4":[1,0],"5":[1,0]}}
,"/Users/nathananderson/Sites/repos/event-emitter/src/index.ts": {"path":"/Users/nathananderson/Sites/repos/event-emitter/src/index.ts","statementMap":{"0":{"start":{"line":1,"column":0},"end":{"line":1,"column":32}},"1":{"start":{"line":2,"column":0},"end":{"line":2,"column":35}}},"fnMap":{},"branchMap":{},"s":{"0":1,"1":1},"f":{},"b":{}}
}
